<?xml version="1.0" encoding="UTF-8"?>
<testng-results ignored="0" total="1" passed="1" failed="0" skipped="0">
  <reporter-output>
  </reporter-output>
  <suite started-at="2024-07-03T19:17:36 IST" name="Suite" finished-at="2024-07-03T19:17:42 IST" duration-ms="6039">
    <groups>
    </groups>
    <test started-at="2024-07-03T19:17:36 IST" name="testchrome" finished-at="2024-07-03T19:17:42 IST" duration-ms="6039">
      <class name="testcases.TC_001AccountRegistration">
        <test-method is-config="true" signature="setup(java.lang.String,java.lang.String)[pri:0, instance:testcases.TC_001AccountRegistration@4a9f80d3]" started-at="2024-07-03T19:17:36 IST" name="setup" finished-at="2024-07-03T19:17:40 IST" duration-ms="3638" status="PASS">
          <params>
            <param index="0">
              <value>
                <![CDATA[windows]]>
              </value>
            </param>
            <param index="1">
              <value>
                <![CDATA[chrome]]>
              </value>
            </param>
          </params>
          <reporter-output>
          </reporter-output>
        </test-method> <!-- setup -->
        <test-method signature="verifyregisteraccount()[pri:0, instance:testcases.TC_001AccountRegistration@4a9f80d3]" started-at="2024-07-03T19:17:40 IST" name="verifyregisteraccount" finished-at="2024-07-03T19:17:42 IST" duration-ms="2139" status="PASS">
          <reporter-output>
          </reporter-output>
        </test-method> <!-- verifyregisteraccount -->
        <test-method is-config="true" signature="TearDown()[pri:0, instance:testcases.TC_001AccountRegistration@4a9f80d3]" started-at="2024-07-03T19:17:42 IST" name="TearDown" finished-at="2024-07-03T19:17:42 IST" duration-ms="224" status="PASS">
          <reporter-output>
          </reporter-output>
        </test-method> <!-- TearDown -->
      </class> <!-- testcases.TC_001AccountRegistration -->
    </test> <!-- testchrome -->
  </suite> <!-- Suite -->
</testng-results>
